<?xml version="1.0" encoding="UTF-8"?>
<coverage generated="1653357052474" clover="3.2.0">
  <project timestamp="1653357052474" name="All files">
    <metrics statements="2" coveredstatements="2" conditionals="0" coveredconditionals="0" methods="1" coveredmethods="1" elements="3" coveredelements="3" complexity="0" loc="2" ncloc="2" packages="1" files="1" classes="1"/>
    <file name="App.js" path="C:\Users\rebec\OneDrive - AUT University\Software Team Project\Ark_Software\ark\client\src\App.js">
      <metrics statements="2" coveredstatements="2" conditionals="0" coveredconditionals="0" methods="1" coveredmethods="1"/>
      <line num="33" count="1" type="stmt"/>
      <line num="34" count="2" type="stmt"/>
    </file>
  </project>
</coverage>
