{"C:\\Users\\rebec\\OneDrive - AUT University\\Software Team Project\\Ark_Software\\ark\\client\\src\\App.js": {"path":"C:\\Users\\rebec\\OneDrive - AUT University\\Software Team Project\\Ark_Software\\ark\\client\\src\\App.js","statementMap":{"0":{"start":{"line":33,"column":12},"end":{"line":77,"column":1}},"1":{"start":{"line":34,"column":2},"end":{"line":76,"column":4}}},"fnMap":{"0":{"name":"(anonymous_0)","decl":{"start":{"line":33,"column":12},"end":{"line":33,"column":13}},"loc":{"start":{"line":33,"column":18},"end":{"line":77,"column":1}},"line":33}},"branchMap":{},"s":{"0":1,"1":2},"f":{"0":2},"b":{},"_coverageSchema":"1a1c01bbd47fc00a2c39e90264f33305004495a9","hash":"862db1570884509b9e0ed4d940d5a846b88f51d8"}
}
